I_2D8Eo15wE
Nntd2fgMUYw
7FYTGRzq9gM
zxxsIchY-Zg
v2AC41dglnM
nFZP8zQ5kzk
be7iNHw8QoQ
F586JktJyEg
Bznxx12Ptl0
7QU1nvuxaMA
vVXIK1xCRpY
WIKqgE4BwAY
E8pcFhPZQYg
B4L3ls_6UYg
fC_q9KPczAg
eBShN8qT4lk
qORYO0atB6g
07Y0cy-nvAg
z5rRZdiu1UE
ru3gH27Fn6E
L8kuWH7sjFo
3qVPNONdF58
8YdQBkxf4kU
VYOjWnS4cMY
PAYmGCYhVAo
ItosTQ4PVlI
ZWijx_AgPiA
e29UHJv5S70
0ttGgIQpAUc
PGNiXGX2nLU
1ClCpfeIELw
XXlZfc1TrD0
09LTT0xwdfw
D1gl46hh3sQ
VAo065vRO4Q
9wQ1CDCRBT4
lVeMCNvV94Q
9d8SzG4FPyM
VFEZOjtrwls
tuPejza-KYQ
VYwMmDkRCEo
sXYIxJScSik
HbaQ9xnoMGQ
Sv6dMFF_yts
ZS0WvzRVByg
fLLKVXldR-g
QKzM0DBxNoo
MxARE7jzMwo
31j4DIpgY9U
7y5ckYvUGXU
kNt3ClRSGdQ
p-qfzH0vnOs
NUTGr5t3MoY
ulvmdYMyT80
x-64CaD8GXw
j-qQ_brIsfY
03X0B6u-AxM
GurkREc-q4I
r9APEZMeH0o
KyYnOs6GklM
3PU4d5Iogd4
P5ZJui3aPoQ
UqMcevcUmqg
rwwtoAzIAWc
7xxgRUyzgs0
XNtTEibFvlQ
wDjeBNv6ip0
Fp0BScQSSvg
id6l1nMqpvc
M6ZZKNPrSPw
ssDtj1uL1Go
Rl6fyhZ0G5E
Ypkv0HeUvTc
owAj5LiXG5w
CD-E-LDc384
QHRuTYtSbJQ
zZMg9ryeWOw
EQmIBHObtCs
iX-QaNzd-0Y
0FBz3bOSY2E
rId6PKlDXeU
wvUQcnfwUUM
RRKJiM9Njr8
qP-7GNoDJ5c
-2hxU4UG3dA
1iAYhQsQhSY
Fpu5a0Bl8eY
hiwgOWo7mDc
1RN6pT3zL44
ao-Sahfy7Hg
jySfU10IQu4
uq-gYOrU8bA
r40gv3Y7FdA
yuTMWgOduFM
XFkzRNyygfk
bWXazVhlyxQ
L3wKzyIN1yk
rdVubZ6fZaU
U2WDdccgaDY
MQOXbC9irHo
I_2D8Eo15wE
QHpU0ZfXZ_g
s_nc1IVoMxc
OfqGpCmrfag
MutxMMa3Bho
q31WY0Aobro
sD72LbIk02M
BGpzGu9Yp6Y
6fVE8kSM43I
oh8zcbC_Dcw
nU1VfYYKMDk
AoK-1inrxZ0
dFOErVWlsxg
JAIOzM7SsMo
zUzd9KyIDrM
iywaBOMvYLI
TkXTU2-sWbQ
aBBcE5JLZgM
_lK4cX5xGiQ
9SOryJvTAGs
a_426RiwST8
B9FzVhw8_bY
v4xZUr0BEfE
yAEFKjqPtlU
TNHafuFbxLc
2yKLnfYqOIs
6BQYK1qDs4Y
tbNlMtqrYS0
TJ69svOtmAM
ljPFZrRD3J8
tDTQQWSmo8s
o5Dj6tzWFQo
aHbPApEvpoc
jW8UlrtcEac
1OjTspCqvk8
K4dx42YzQCE
yri8cQt5ycs
e4Ao-iNPPUc
LYhR8P_dyXg
Pw-0pbY9JeU
ywvRgGAd2XI
j1mv_wuKStM
2DDHXrLGX1w
ymSgls0Ce24
iJ6eHxXv-RE
L4M98z22pgI
N3oCS85HvpY
XpASSx0ecTU
0FRlJkUSKv8
YJVmu6yttiw
W3q8Od5qJio
EqQuihD0hoI
mfJhMfOPWdE
YgSPaXgAdzE
04F4xlWSFh0
8UVNT4wvIGY
CDl9ZMfj6aE
9Z5PxcQ6690
aXhjp85UNJI
RpXTISw_Huw
aJZTfl3DmCU
c1GxjzHm5us
fZJwC_vp-_Q
3afXXsJwYZo
8dZ13EbrsKk
CWrMGXwhFLk
AkFqg5wAuFk
7m7njvwB-Ks
O3HCXh9WQSo
CSvFpBOe8eY
ofmzX1nI7SE
k6EQAOmJrbw
4AKbUm8GrbM
x2KRpRMSu4g
fJ9rUzIMcZQ